components/LeadershipApp.tsx(167,25): error TS2322: Type '{ isOpen: true; onClose: () => void; onSave: (task: any, id: number | null) => Promise<void>; taskToEdit: Task | Partial<Task> | null; employees: Employee[]; activeSpaceId: string; spaces: Space[]; }' is not assignable to type 'IntrinsicAttributes & AddTaskModalProps'.
  Property 'activeSpaceId' does not exist on type 'IntrinsicAttributes & AddTaskModalProps'.
components/LeadershipApp.tsx(177,25): error TS2322: Type '{ isOpen: true; onClose: () => void; task: Task; onUpdate: (t: any) => void; currentUser: User; }' is not assignable to type 'IntrinsicAttributes & TaskDetailsModalProps'.
  Property 'onUpdate' does not exist on type 'IntrinsicAttributes & TaskDetailsModalProps'.
components/LeadershipApp.tsx(177,36): error TS7006: Parameter 't' implicitly has an 'any' type.
components/TeamApp.tsx(154,37): error TS2322: Type '() => void' is not assignable to type '(taskId: number, updates: Partial<Task>) => Promise<void>'.
  Type 'void' is not assignable to type 'Promise<void>'.
components/TeamApp.tsx(164,37): error TS2322: Type '{ tasks: Task[]; employees: Employee[]; onUpdateTaskStatus: (id: number, status: TaskStatus) => Promise<void>; onUpdateTask: () => void; onViewTask: () => void; }' is not assignable to type 'IntrinsicAttributes & TaskBoardProps'.
  Property 'onUpdateTask' does not exist on type 'IntrinsicAttributes & TaskBoardProps'.
components/TeamApp.tsx(198,25): error TS2322: Type '{ isOpen: true; onClose: () => void; onSave: (task: any, id: number | null) => Promise<void>; employees: Employee[]; activeSpaceId: string; spaces: Space[]; }' is not assignable to type 'IntrinsicAttributes & AddTaskModalProps'.
  Property 'activeSpaceId' does not exist on type 'IntrinsicAttributes & AddTaskModalProps'.
